{"C:\\Users\\localuser\\ReactXexpo\\carrentalXexpo\\assets\\images\\killua.png": {"path":"C:\\Users\\localuser\\ReactXexpo\\carrentalXexpo\\assets\\images\\killua.png","statementMap":{"0":{"start":{"line":1,"column":0},"end":{"line":1,"column":19}}},"fnMap":{},"branchMap":{},"s":{"0":1},"f":{},"b":{},"_coverageSchema":"1a1c01bbd47fc00a2c39e90264f33305004495a9","hash":"233c15373dd1558182eb75f178cab633b471b3a4"}
,"C:\\Users\\localuser\\ReactXexpo\\carrentalXexpo\\components\\CarList.jsx": {"path":"C:\\Users\\localuser\\ReactXexpo\\carrentalXexpo\\components\\CarList.jsx","statementMap":{"0":{"start":{"line":6,"column":23},"end":{"line":9,"column":2}},"1":{"start":{"line":20,"column":2},"end":{"line":42,"column":4}},"2":{"start":{"line":45,"column":15},"end":{"line":81,"column":2}}},"fnMap":{"0":{"name":"CarList","decl":{"start":{"line":11,"column":24},"end":{"line":11,"column":31}},"loc":{"start":{"line":19,"column":3},"end":{"line":43,"column":1}},"line":19}},"branchMap":{},"s":{"0":1,"1":1,"2":1},"f":{"0":1},"b":{},"_coverageSchema":"1a1c01bbd47fc00a2c39e90264f33305004495a9","hash":"b57ae3c4c04f276f74497cc4f6a6b04d7e98e68f"}
,"C:\\Users\\localuser\\ReactXexpo\\carrentalXexpo\\components\\Grid.jsx": {"path":"C:\\Users\\localuser\\ReactXexpo\\carrentalXexpo\\components\\Grid.jsx","statementMap":{"0":{"start":{"line":5,"column":2},"end":{"line":5,"column":75}},"1":{"start":{"line":9,"column":2},"end":{"line":21,"column":4}},"2":{"start":{"line":25,"column":2},"end":{"line":25,"column":72}},"3":{"start":{"line":28,"column":15},"end":{"line":38,"column":2}}},"fnMap":{"0":{"name":"Container","decl":{"start":{"line":4,"column":16},"end":{"line":4,"column":25}},"loc":{"start":{"line":4,"column":47},"end":{"line":6,"column":1}},"line":4},"1":{"name":"Row","decl":{"start":{"line":8,"column":16},"end":{"line":8,"column":19}},"loc":{"start":{"line":8,"column":79},"end":{"line":22,"column":1}},"line":8},"2":{"name":"Column","decl":{"start":{"line":24,"column":16},"end":{"line":24,"column":22}},"loc":{"start":{"line":24,"column":44},"end":{"line":26,"column":1}},"line":24}},"branchMap":{"0":{"loc":{"start":{"line":8,"column":60},"end":{"line":8,"column":68}},"type":"default-arg","locations":[{"start":{"line":8,"column":66},"end":{"line":8,"column":68}}],"line":8},"1":{"loc":{"start":{"line":13,"column":20},"end":{"line":13,"column":56}},"type":"cond-expr","locations":[{"start":{"line":13,"column":33},"end":{"line":13,"column":43}},{"start":{"line":13,"column":46},"end":{"line":13,"column":56}}],"line":13},"2":{"loc":{"start":{"line":14,"column":24},"end":{"line":14,"column":70}},"type":"cond-expr","locations":[{"start":{"line":14,"column":41},"end":{"line":14,"column":55}},{"start":{"line":14,"column":58},"end":{"line":14,"column":70}}],"line":14}},"s":{"0":0,"1":2,"2":4,"3":1},"f":{"0":0,"1":2,"2":4},"b":{"0":[0],"1":[1,1],"2":[0,2]},"_coverageSchema":"1a1c01bbd47fc00a2c39e90264f33305004495a9","hash":"9ba02fa947ea02c22d5446ba4bfbb77d72076c91"}
,"C:\\Users\\localuser\\ReactXexpo\\carrentalXexpo\\components\\ThemedText.tsx": {"path":"C:\\Users\\localuser\\ReactXexpo\\carrentalXexpo\\components\\ThemedText.tsx","statementMap":{"0":{"start":{"line":18,"column":16},"end":{"line":18,"column":77}},"1":{"start":{"line":20,"column":2},"end":{"line":33,"column":4}},"2":{"start":{"line":36,"column":15},"end":{"line":60,"column":2}}},"fnMap":{"0":{"name":"ThemedText","decl":{"start":{"line":11,"column":16},"end":{"line":11,"column":26}},"loc":{"start":{"line":17,"column":20},"end":{"line":34,"column":1}},"line":17}},"branchMap":{"0":{"loc":{"start":{"line":15,"column":2},"end":{"line":15,"column":18}},"type":"default-arg","locations":[{"start":{"line":15,"column":9},"end":{"line":15,"column":18}}],"line":15},"1":{"loc":{"start":{"line":24,"column":8},"end":{"line":24,"column":55}},"type":"cond-expr","locations":[{"start":{"line":24,"column":29},"end":{"line":24,"column":43}},{"start":{"line":24,"column":46},"end":{"line":24,"column":55}}],"line":24},"2":{"loc":{"start":{"line":25,"column":8},"end":{"line":25,"column":51}},"type":"cond-expr","locations":[{"start":{"line":25,"column":27},"end":{"line":25,"column":39}},{"start":{"line":25,"column":42},"end":{"line":25,"column":51}}],"line":25},"3":{"loc":{"start":{"line":26,"column":8},"end":{"line":26,"column":71}},"type":"cond-expr","locations":[{"start":{"line":26,"column":37},"end":{"line":26,"column":59}},{"start":{"line":26,"column":62},"end":{"line":26,"column":71}}],"line":26},"4":{"loc":{"start":{"line":27,"column":8},"end":{"line":27,"column":57}},"type":"cond-expr","locations":[{"start":{"line":27,"column":30},"end":{"line":27,"column":45}},{"start":{"line":27,"column":48},"end":{"line":27,"column":57}}],"line":27},"5":{"loc":{"start":{"line":28,"column":8},"end":{"line":28,"column":49}},"type":"cond-expr","locations":[{"start":{"line":28,"column":26},"end":{"line":28,"column":37}},{"start":{"line":28,"column":40},"end":{"line":28,"column":49}}],"line":28}},"s":{"0":1,"1":1,"2":1},"f":{"0":1},"b":{"0":[1],"1":[1,0],"2":[0,1],"3":[0,1],"4":[0,1],"5":[0,1]},"_coverageSchema":"1a1c01bbd47fc00a2c39e90264f33305004495a9","hash":"7d93b443ae04f1f3553becc869ec5654e5001a3c"}
,"C:\\Users\\localuser\\ReactXexpo\\carrentalXexpo\\constants\\Colors.ts": {"path":"C:\\Users\\localuser\\ReactXexpo\\carrentalXexpo\\constants\\Colors.ts","statementMap":{"0":{"start":{"line":6,"column":23},"end":{"line":6,"column":32}},"1":{"start":{"line":7,"column":22},"end":{"line":7,"column":31}},"2":{"start":{"line":9,"column":22},"end":{"line":28,"column":1}}},"fnMap":{},"branchMap":{},"s":{"0":1,"1":1,"2":1},"f":{},"b":{},"_coverageSchema":"1a1c01bbd47fc00a2c39e90264f33305004495a9","hash":"e2b42617ca51fc0ea5f41190a08819d412275a47"}
,"C:\\Users\\localuser\\ReactXexpo\\carrentalXexpo\\hooks\\useThemeColor.ts": {"path":"C:\\Users\\localuser\\ReactXexpo\\carrentalXexpo\\hooks\\useThemeColor.ts","statementMap":{"0":{"start":{"line":14,"column":16},"end":{"line":14,"column":43}},"1":{"start":{"line":15,"column":25},"end":{"line":15,"column":37}},"2":{"start":{"line":17,"column":2},"end":{"line":21,"column":3}},"3":{"start":{"line":18,"column":4},"end":{"line":18,"column":26}},"4":{"start":{"line":20,"column":4},"end":{"line":20,"column":36}}},"fnMap":{"0":{"name":"useThemeColor","decl":{"start":{"line":10,"column":16},"end":{"line":10,"column":29}},"loc":{"start":{"line":13,"column":2},"end":{"line":22,"column":1}},"line":13}},"branchMap":{"0":{"loc":{"start":{"line":14,"column":16},"end":{"line":14,"column":43}},"type":"binary-expr","locations":[{"start":{"line":14,"column":16},"end":{"line":14,"column":32}},{"start":{"line":14,"column":36},"end":{"line":14,"column":43}}],"line":14},"1":{"loc":{"start":{"line":17,"column":2},"end":{"line":21,"column":3}},"type":"if","locations":[{"start":{"line":17,"column":2},"end":{"line":21,"column":3}},{"start":{"line":19,"column":9},"end":{"line":21,"column":3}}],"line":17}},"s":{"0":1,"1":1,"2":1,"3":0,"4":1},"f":{"0":1},"b":{"0":[1,0],"1":[0,1]},"_coverageSchema":"1a1c01bbd47fc00a2c39e90264f33305004495a9","hash":"959da876c1f2607f53487665a7bbd093d83c9336"}
}
