TN:
SF:assets\images\killua.png
FNF:0
FNH:0
DA:1,1
LF:1
LH:1
BRF:0
BRH:0
end_of_record
TN:
SF:components\CarList.jsx
FN:11,CarList
FNF:1
FNH:1
FNDA:1,CarList
DA:6,1
DA:20,1
DA:45,1
LF:3
LH:3
BRF:0
BRH:0
end_of_record
TN:
SF:components\Grid.jsx
FN:4,Container
FN:8,Row
FN:24,Column
FNF:3
FNH:2
FNDA:0,Container
FNDA:2,Row
FNDA:4,Column
DA:5,0
DA:9,2
DA:25,4
DA:28,1
LF:4
LH:3
BRDA:8,0,0,0
BRDA:13,1,0,1
BRDA:13,1,1,1
BRDA:14,2,0,0
BRDA:14,2,1,2
BRF:5
BRH:3
end_of_record
TN:
SF:components\ThemedText.tsx
FN:11,ThemedText
FNF:1
FNH:1
FNDA:1,ThemedText
DA:18,1
DA:20,1
DA:36,1
LF:3
LH:3
BRDA:15,0,0,1
BRDA:24,1,0,1
BRDA:24,1,1,0
BRDA:25,2,0,0
BRDA:25,2,1,1
BRDA:26,3,0,0
BRDA:26,3,1,1
BRDA:27,4,0,0
BRDA:27,4,1,1
BRDA:28,5,0,0
BRDA:28,5,1,1
BRF:11
BRH:6
end_of_record
TN:
SF:constants\Colors.ts
FNF:0
FNH:0
DA:6,1
DA:7,1
DA:9,1
LF:3
LH:3
BRF:0
BRH:0
end_of_record
TN:
SF:hooks\useThemeColor.ts
FN:10,useThemeColor
FNF:1
FNH:1
FNDA:1,useThemeColor
DA:14,1
DA:15,1
DA:17,1
DA:18,0
DA:20,1
LF:5
LH:4
BRDA:14,0,0,1
BRDA:14,0,1,0
BRDA:17,1,0,0
BRDA:17,1,1,1
BRF:4
BRH:2
end_of_record
